{
  "RSpec": {
    "coverage": {
      "/home/cheerful-gopher-1053/tic-tac-toe-rb-ruby-intro-000/lib/tic_tac_toe.rb": [
        1,
        8711,
        null,
        null,
        null,
        1,
        null,
        null,
        null,
        null,
        null,
        null,
        null,
        null,
        null,
        1,
        17,
        117,
        114,
        null,
        null,
        null,
        1,
        13,
        null,
        null,
        1,
        0,
        null,
        null,
        1,
        18,
        null,
        null,
        1,
        0,
        0,
        0,
        null,
        null,
        null,
        1,
        17,
        17,
        17,
        17,
        17,
        null,
        null,
        1,
        8711,
        null,
        null,
        1,
        17,
        null,
        null,
        1,
        8711,
        null,
        null,
        1,
        8712,
        8711,
        8711,
        8711,
        17,
        17,
        17,
        null,
        8694,
        null,
        null,
        null,
        1,
        30,
        30,
        270,
        73,
        null,
        null,
        30,
        null,
        null,
        1,
        17,
        17,
        11,
        null,
        6,
        null,
        17,
        null,
        null,
        1,
        12,
        18,
        null,
        11,
        0,
        1,
        0,
        null,
        null
      ]
    },
    "timestamp": 1603114173
  }
}
