{
  "RSpec": {
    "coverage": {
      "/home/cheerful-gopher-1053/tic-tac-toe-rb-ruby-intro-000/lib/tic_tac_toe.rb": [
        1,
        27033,
        null,
        null,
        null,
        1,
        null,
        null,
        null,
        null,
        null,
        null,
        null,
        null,
        null,
        1,
        10,
        80,
        79,
        null,
        null,
        null,
        1,
        9,
        null,
        null,
        1,
        0,
        null,
        null,
        1,
        11,
        null,
        null,
        1,
        0,
        0,
        0,
        null,
        null,
        null,
        1,
        19,
        19,
        19,
        19,
        19,
        null,
        null,
        1,
        27171,
        null,
        null,
        1,
        19,
        null,
        null,
        1,
        27171,
        null,
        null,
        1,
        27178,
        27174,
        27171,
        27171,
        19,
        19,
        19,
        null,
        27152,
        null,
        null,
        null,
        1,
        28,
        28,
        252,
        57,
        null,
        null,
        28,
        null,
        null,
        1,
        19,
        19,
        13,
        null,
        6,
        null,
        19,
        null,
        null,
        1,
        12,
        28,
        19,
        null,
        3,
        0,
        1,
        0,
        null,
        null
      ]
    },
    "timestamp": 1603172548
  }
}
